============================= test session starts ==============================
platform linux -- Python 3.7.8, pytest-5.4.3, py-1.9.0, pluggy-0.13.1
rootdir: /home/mxk/projects/ctrl_bps, inifile: setup.cfg
plugins: cov-2.10.0, doctestplus-0.6.1, flake8-1.0.6, forked-1.2.0, openfiles-0.5.0, session2file-0.1.9, subtests-0.3.1, xdist-1.34.0
collecting ... 
collecting 3 items                                                             
collected 6 items                                                              

test_bpscore.py ......                                                   [100%]

============================== [32m[1m6 passed[0m[32m in 1.05s[0m[32m ===============================
